<?xml version="1.0" encoding="UTF-8"?>
<!-- Generated by org.testng.reporters.JUnitReportReporter -->
<testsuite hostname="DESKTOP-GRUJ0M8" failures="0" tests="4" name="runner.LoginTestRunner2" time="44.118" errors="0" timestamp="2024-06-01T08:46:27 IST" skipped="0">
  <testcase classname="runner.LoginTestRunner2" name="runScenario" time="10.737">
    <system-out>
      <![CDATA[Launching the browser using the URL:=https://www.demoblaze.com/index.html]]>
    </system-out>
  </testcase> <!-- runScenario -->
  <testcase classname="runner.LoginTestRunner2" name="runScenario" time="11.810">
    <system-out>
      <![CDATA[Launching the browser using the URL:=https://www.demoblaze.com/index.html]]>
    </system-out>
  </testcase> <!-- runScenario -->
  <testcase classname="runner.LoginTestRunner2" name="runScenario" time="11.311">
    <system-out>
      <![CDATA[Launching the browser using the URL:=https://www.demoblaze.com/index.html]]>
    </system-out>
  </testcase> <!-- runScenario -->
  <testcase classname="runner.LoginTestRunner2" name="runScenario" time="10.260">
    <system-out>
      <![CDATA[Launching the browser using the URL:=https://www.demoblaze.com/index.html]]>
    </system-out>
  </testcase> <!-- runScenario -->
  <system-out>
    <![CDATA[Launching the browser using the URL:=https://www.demoblaze.com/index.html
Launching the browser using the URL:=https://www.demoblaze.com/index.html
Launching the browser using the URL:=https://www.demoblaze.com/index.html
Launching the browser using the URL:=https://www.demoblaze.com/index.html]]>
  </system-out>
</testsuite> <!-- runner.LoginTestRunner2 -->
